<?xml version="1.0" encoding="UTF-8"?>
<testsuites>
    <testsuite name="force.apex" timestamp="2025-07-16T10:00:40.000Z" hostname="https://wise-badger-sbvxdj-dev-ed.trailblaze.my.salesforce.com" tests="9" failures="0"  errors="0"  time="0.51">
        <properties>
            <property name="outcome" value="Successful"/>
            <property name="testsRan" value="9"/>
            <property name="passing" value="9"/>
            <property name="failing" value="0"/>
            <property name="skipped" value="0"/>
            <property name="passRate" value="100%"/>
            <property name="failRate" value="0%"/>
            <property name="testStartTime" value="Wed Jul 16 2025 3:30:40 pm"/>
            <property name="testSetupTimeInMs" value="474"/>
            <property name="testExecutionTime" value="0.51 s"/>
            <property name="testTotalTime" value="0.98 s"/>
            <property name="commandTime" value="0.31 s"/>
            <property name="hostname" value="https://wise-badger-sbvxdj-dev-ed.trailblaze.my.salesforce.com"/>
            <property name="orgId" value="00DNS00000RmPiv2AF"/>
            <property name="username" value="deepanshbanga312@wise-badger-sbvxdj.com"/>
            <property name="testRunId" value="707NS000010h6uU"/>
            <property name="userId" value="005NS00000SBLXFYA5"/>
            <property name="coveredLines" value="70"/>
            <property name="testRunCoverage" value="95%"/>
            <property name="orgWideCoverage" value="94%"/>
        </properties>
        <testcase name="testGetObjectFieldData_Account" classname="DynamicCompactLayoutControllerTest" time="0.20">
        </testcase>
        <testcase name="testGetObjectFieldData_Contact" classname="DynamicCompactLayoutControllerTest" time="0.13">
        </testcase>
        <testcase name="testGetObjectFieldData_InvalidObject" classname="DynamicCompactLayoutControllerTest" time="0.03">
        </testcase>
        <testcase name="testGetObjectFieldData_Opportunity" classname="DynamicCompactLayoutControllerTest" time="0.07">
        </testcase>
        <testcase name="testGetObjectInfo_Invalid" classname="DynamicCompactLayoutControllerTest" time="0.03">
        </testcase>
        <testcase name="testGetObjectInfo_Valid" classname="DynamicCompactLayoutControllerTest" time="0.03">
        </testcase>
        <testcase name="testGetRecordNameField_Invalid" classname="DynamicCompactLayoutControllerTest" time="0.01">
        </testcase>
        <testcase name="testGetRecordNameField_Valid" classname="DynamicCompactLayoutControllerTest" time="0.01">
        </testcase>
    </testsuite>
</testsuites>
