<?xml version="1.0" encoding="UTF-8"?>
<testsuites>
    <testsuite name="force.apex" timestamp="2025-07-16T08:17:08.000Z" hostname="https://wise-badger-sbvxdj-dev-ed.trailblaze.my.salesforce.com" tests="5" failures="2"  errors="0"  time="0.29">
        <properties>
            <property name="outcome" value="Failed"/>
            <property name="testsRan" value="5"/>
            <property name="passing" value="3"/>
            <property name="failing" value="2"/>
            <property name="skipped" value="0"/>
            <property name="passRate" value="60%"/>
            <property name="failRate" value="40%"/>
            <property name="testStartTime" value="Wed Jul 16 2025 1:47:08 pm"/>
            <property name="testSetupTimeInMs" value="314"/>
            <property name="testExecutionTime" value="0.29 s"/>
            <property name="testTotalTime" value="0.60 s"/>
            <property name="commandTime" value="0.36 s"/>
            <property name="hostname" value="https://wise-badger-sbvxdj-dev-ed.trailblaze.my.salesforce.com"/>
            <property name="orgId" value="00DNS00000RmPiv2AF"/>
            <property name="username" value="deepanshbanga312@wise-badger-sbvxdj.com"/>
            <property name="testRunId" value="707NS000010fvEu"/>
            <property name="userId" value="005NS00000SBLXFYA5"/>
            <property name="coveredLines" value="49"/>
            <property name="testRunCoverage" value="82%"/>
            <property name="orgWideCoverage" value="81%"/>
        </properties>
        <testcase name="testGetObjectFieldData_MissingObjectName" classname="DynamicCompactLayoutControllerTest" time="0.01">
            <failure message="System.AssertException: Assertion Failed: Unexpected error message"><![CDATA[Class.DynamicCompactLayoutControllerTest.testGetObjectFieldData_MissingObjectName: line 67, column 1]]></failure>
        </testcase>
        <testcase name="testGetObjectFieldData_ValidAccount" classname="DynamicCompactLayoutControllerTest" time="0.26">
        </testcase>
        <testcase name="testGetRecordNameField_NoMetadata" classname="DynamicCompactLayoutControllerTest" time="0.01">
        </testcase>
        <testcase name="testGetRecordNameField_ValidMetadata" classname="DynamicCompactLayoutControllerTest" time="0.01">
            <failure message="System.AssertException: Assertion Failed: Expected Name field from AccountLabelVal metadata: Expected: Name, Actual: Names"><![CDATA[Class.DynamicCompactLayoutControllerTest.testGetRecordNameField_ValidMetadata: line 58, column 1]]></failure>
        </testcase>
    </testsuite>
</testsuites>
